index.iife.js:1 content script loaded
refresh.js:27 WebSocket connection to 'ws://localhost:8081/' failed: 
initClient @ refresh.js:27
84ffcdd85a395e91.js:11 [CLIENT] Spec update received: Object
84ffcdd85a395e91.js:11 [CLIENT] Specification data: Object
84ffcdd85a395e91.js:11 [CLIENT] Spec update received: Object
84ffcdd85a395e91.js:11 [CLIENT] Specification data: Object
84ffcdd85a395e91.js:11 [CLIENT] Spec update received: Object
84ffcdd85a395e91.js:11 [CLIENT] Specification data: Object
84ffcdd85a395e91.js:11 [CLIENT] Spec update received: Object
84ffcdd85a395e91.js:11 [CLIENT] Specification data: ObjectfeaturesCount: 1overview: "Too many questions there. Its for single dads who want to have cool experiences and make memories wi..."requirementsCount: 1targetUsers: ""[[Prototype]]: Object
84ffcdd85a395e91.js:11 [CLIENT] Spec update received: Object
84ffcdd85a395e91.js:11 [CLIENT] Specification data: Object
84ffcdd85a395e91.js:11 [CLIENT] Spec update received: Object
84ffcdd85a395e91.js:11 [CLIENT] Specification data: Object
84ffcdd85a395e91.js:11 [CLIENT] Spec update received: Object
84ffcdd85a395e91.js:11 [CLIENT] Specification data: Object
84ffcdd85a395e91.js:11 [CLIENT] Spec update received: Object
84ffcdd85a395e91.js:11 [CLIENT] Specification data: Object
84ffcdd85a395e91.js:11 [CLIENT] Spec update received: Object
84ffcdd85a395e91.js:11 [CLIENT] Specification data: Object
